<?xml version="1.0" encoding="UTF-8"?>
<!-- Generated by org.testng.reporters.JUnitXMLReporter -->
<testsuite hostname="LAPTOP-EFHEOHBS" ignored="0" name="Default test(failed)" tests="1" failures="1" timestamp="19 Jul 2022 13:12:00 GMT" time="27.271" errors="0">
  <testcase name="test" time="20.832" classname="org.sample.Automation">
    <failure type="java.lang.AssertionError" message="expected [true] but found [false]">
      <![CDATA[java.lang.AssertionError: expected [true] but found [false]
at org.sample.Automation.test(Automation.java:47)
... Removed 29 stack frames]]>
    </failure>
  </testcase> <!-- test -->
</testsuite> <!-- Default test(failed) -->
