<?xml version="1.0" encoding="UTF-8"?>
<!-- Generated by org.testng.reporters.JUnitXMLReporter -->
<testsuite hostname="LAPTOP-EFHEOHBS" ignored="0" name="Default test" tests="5" failures="0" timestamp="19 Jul 2022 14:58:36 GMT" time="13.937" errors="0">
  <testcase name="m1" time="4.948" classname="org.para.Q1"/>
  <testcase name="m1" time="2.071" classname="org.para.Q1"/>
  <testcase name="m1" time="2.282" classname="org.para.Q1"/>
  <testcase name="m1" time="2.439" classname="org.para.Q1"/>
  <testcase name="m1" time="1.893" classname="org.para.Q1"/>
</testsuite> <!-- Default test -->
