<?xml version="1.0" encoding="UTF-8"?>
<testng-results skipped="0" failed="0" ignored="0" total="5" passed="5">
  <reporter-output>
  </reporter-output>
  <suite name="Default suite" duration-ms="13937" started-at="2022-07-19T14:58:23Z" finished-at="2022-07-19T14:58:36Z">
    <groups>
    </groups>
    <test name="Default test" duration-ms="13937" started-at="2022-07-19T14:58:23Z" finished-at="2022-07-19T14:58:36Z">
      <class name="org.para.Q1">
        <test-method status="PASS" signature="m1(java.lang.String, java.lang.String)[pri:0, instance:org.para.Q1@598067a5]" name="m1" duration-ms="4948" started-at="2022-07-19T14:58:23Z" data-provider="account" finished-at="2022-07-19T14:58:28Z">
          <params>
            <param index="0">
              <value>
                <![CDATA[05-07-2022]]>
              </value>
            </param>
            <param index="1">
              <value>
                <![CDATA[murugesh]]>
              </value>
            </param>
          </params>
          <reporter-output>
          </reporter-output>
        </test-method> <!-- m1 -->
        <test-method status="PASS" signature="m1(java.lang.String, java.lang.String)[pri:0, instance:org.para.Q1@598067a5]" name="m1" duration-ms="2071" started-at="2022-07-19T14:58:28Z" data-provider="account" finished-at="2022-07-19T14:58:30Z">
          <params>
            <param index="0">
              <value>
                <![CDATA[boopa]]>
              </value>
            </param>
            <param index="1">
              <value>
                <![CDATA[kmr]]>
              </value>
            </param>
          </params>
          <reporter-output>
          </reporter-output>
        </test-method> <!-- m1 -->
        <test-method status="PASS" signature="m1(java.lang.String, java.lang.String)[pri:0, instance:org.para.Q1@598067a5]" name="m1" duration-ms="2282" started-at="2022-07-19T14:58:30Z" data-provider="account" finished-at="2022-07-19T14:58:32Z">
          <params>
            <param index="0">
              <value>
                <![CDATA[ajith]]>
              </value>
            </param>
            <param index="1">
              <value>
                <![CDATA[05-06-2022]]>
              </value>
            </param>
          </params>
          <reporter-output>
          </reporter-output>
        </test-method> <!-- m1 -->
        <test-method status="PASS" signature="m1(java.lang.String, java.lang.String)[pri:0, instance:org.para.Q1@598067a5]" name="m1" duration-ms="2439" started-at="2022-07-19T14:58:32Z" data-provider="account" finished-at="2022-07-19T14:58:35Z">
          <params>
            <param index="0">
              <value>
                <![CDATA[252525]]>
              </value>
            </param>
            <param index="1">
              <value>
                <![CDATA[arun]]>
              </value>
            </param>
          </params>
          <reporter-output>
          </reporter-output>
        </test-method> <!-- m1 -->
        <test-method status="PASS" signature="m1(java.lang.String, java.lang.String)[pri:0, instance:org.para.Q1@598067a5]" name="m1" duration-ms="1893" started-at="2022-07-19T14:58:35Z" data-provider="account" finished-at="2022-07-19T14:58:36Z">
          <params>
            <param index="0">
              <value>
                <![CDATA[karim]]>
              </value>
            </param>
            <param index="1">
              <value>
                <![CDATA[kavi]]>
              </value>
            </param>
          </params>
          <reporter-output>
          </reporter-output>
        </test-method> <!-- m1 -->
      </class> <!-- org.para.Q1 -->
    </test> <!-- Default test -->
  </suite> <!-- Default suite -->
</testng-results>
